<?xml version="1.0" encoding="UTF-8"?>
<!-- Generated by org.testng.reporters.JUnitReportReporter -->
<testsuite skipped="0" hostname="Dark" name="Test.Search.testSearch" tests="1" failures="0" timestamp="23 Apr 2020 16:18:29 GMT" time="2.491" errors="0">
  <testcase name="searchTest" time="2.491" classname="Test.Search.testSearch"/>
</testsuite> <!-- Test.Search.testSearch -->
